This is pdfTeX, Version 3.14159265-2.6-1.40.18 (MiKTeX 2.9.6350 64-bit) (preloaded format=pdflatex 2017.6.27)  5 OCT 2017 10:26
entering extended mode
**./boehmke-ijdsa-2017.tex
(boehmke-ijdsa-2017.tex
LaTeX2e <2017-04-15>
Babel <3.10> and hyphenation patterns for 75 language(s) loaded.
("C:\Users\greenweb\AppData\Local\Programs\MiKTeX 2.9\tex\latex\base\fix-cm.sty
"
Package: fix-cm 2015/01/14 v1.1t fixes to LaTeX

("C:\Users\greenweb\AppData\Local\Programs\MiKTeX 2.9\tex\latex\base\ts1enc.def
"
File: ts1enc.def 2001/06/05 v3.0e (jk/car/fm) Standard LaTeX file
)) (svjour3.cls
Document Class: svjour3 2007/05/08 v3.2 
LaTeX document class for Springer journals
("C:\Users\greenweb\AppData\Local\Programs\MiKTeX 2.9\tex\latex\base\fleqn.clo"
File: fleqn.clo 2016/12/29 v1.2a Standard LaTeX option (flush left equations)
\mathindent=\dimen102
Applying: [2015/01/01] Make \[ robust on input line 50.
LaTeX Info: Redefining \[ on input line 51.
Already applied: [0000/00/00] Make \[ robust on input line 62.
Applying: [2015/01/01] Make \] robust on input line 74.
LaTeX Info: Redefining \] on input line 75.
Already applied: [0000/00/00] Make \] robust on input line 83.
)
Class Springer-SVJour3 Info: extra/valid Springer sub-package (-> *.clo) 
(Springer-SVJour3)           not found in option list of \documentclass
(Springer-SVJour3)           - autoactivating "global" style.
 (svglov3.clo
File: svglov3.clo 2009/12/18 v3.2 style option for standardised journals

SVJour Class option: svglov3.clo for standardised journals
)
LaTeX Font Info:    Redeclaring math symbol \Gamma on input line 147.
LaTeX Font Info:    Redeclaring math symbol \Delta on input line 148.
LaTeX Font Info:    Redeclaring math symbol \Theta on input line 149.
LaTeX Font Info:    Redeclaring math symbol \Lambda on input line 150.
LaTeX Font Info:    Redeclaring math symbol \Xi on input line 151.
LaTeX Font Info:    Redeclaring math symbol \Pi on input line 152.
LaTeX Font Info:    Redeclaring math symbol \Sigma on input line 153.
LaTeX Font Info:    Redeclaring math symbol \Upsilon on input line 154.
LaTeX Font Info:    Redeclaring math symbol \Phi on input line 155.
LaTeX Font Info:    Redeclaring math symbol \Psi on input line 156.
LaTeX Font Info:    Redeclaring math symbol \Omega on input line 157.
\logodepth=\dimen103
\headerboxheight=\dimen104
\betweenumberspace=\dimen105
\aftertext=\dimen106
\headlineindent=\dimen107
\c@inst=\count79
\c@auth=\count80
\instindent=\dimen108
\authrun=\box26
\authorrunning=\toks14
\titrun=\box27
\titlerunning=\toks15
\combirun=\box28
\c@lastpage=\count81
\rubricwidth=\dimen109
\c@section=\count82
\c@subsection=\count83
\c@subsubsection=\count84
\c@paragraph=\count85
\c@subparagraph=\count86
\spthmsep=\dimen110
\c@theorem=\count87
\c@case=\count88
\c@conjecture=\count89
\c@corollary=\count90
\c@definition=\count91
\c@example=\count92
\c@exercise=\count93
\c@lemma=\count94
\c@note=\count95
\c@problem=\count96
\c@property=\count97
\c@proposition=\count98
\c@question=\count99
\c@solution=\count100
\c@remark=\count101
\c@figure=\count102
\c@table=\count103
\abovecaptionskip=\skip41
\belowcaptionskip=\skip42
\figcapgap=\dimen111
\tabcapgap=\dimen112
\figgap=\dimen113
\bibindent=\dimen114
\@tempcntc=\count104
)
("C:\Users\greenweb\AppData\Local\Programs\MiKTeX 2.9\tex\latex\graphics\graphi
cx.sty"
Package: graphicx 2014/10/28 v1.0g Enhanced LaTeX Graphics (DPC,SPQR)

("C:\Users\greenweb\AppData\Local\Programs\MiKTeX 2.9\tex\latex\graphics\keyval
.sty"
Package: keyval 2014/10/28 v1.15 key=value parser (DPC)
\KV@toks@=\toks16
)
("C:\Users\greenweb\AppData\Local\Programs\MiKTeX 2.9\tex\latex\graphics\graphi
cs.sty"
Package: graphics 2017/04/14 v1.1b Standard LaTeX Graphics (DPC,SPQR)

("C:\Users\greenweb\AppData\Local\Programs\MiKTeX 2.9\tex\latex\graphics\trig.s
ty"
Package: trig 2016/01/03 v1.10 sin cos tan (DPC)
)
("C:\Users\greenweb\AppData\Local\Programs\MiKTeX 2.9\tex\latex\graphics-cfg\gr
aphics.cfg"
File: graphics.cfg 2016/06/04 v1.11 sample graphics configuration
)
Package graphics Info: Driver file: pdftex.def on input line 99.

("C:\Users\greenweb\AppData\Local\Programs\MiKTeX 2.9\tex\latex\graphics-def\pd
ftex.def"
File: pdftex.def 2017/01/12 v0.06k Graphics/color for pdfTeX

("C:\Users\greenweb\AppData\Local\Programs\MiKTeX 2.9\tex\generic\oberdiek\infw
arerr.sty"
Package: infwarerr 2016/05/16 v1.4 Providing info/warning/error messages (HO)
)
("C:\Users\greenweb\AppData\Local\Programs\MiKTeX 2.9\tex\generic\oberdiek\ltxc
mds.sty"
Package: ltxcmds 2016/05/16 v1.23 LaTeX kernel commands for general use (HO)
)
\Gread@gobject=\count105
))
\Gin@req@height=\dimen115
\Gin@req@width=\dimen116
)
("C:\Users\greenweb\AppData\Local\Programs\MiKTeX 2.9\tex\latex\hyperref\hyperr
ef.sty"
Package: hyperref 2017/03/14 v6.85a Hypertext links for LaTeX

("C:\Users\greenweb\AppData\Local\Programs\MiKTeX 2.9\tex\generic\oberdiek\hobs
ub-hyperref.sty"
Package: hobsub-hyperref 2016/05/16 v1.14 Bundle oberdiek, subset hyperref (HO)


("C:\Users\greenweb\AppData\Local\Programs\MiKTeX 2.9\tex\generic\oberdiek\hobs
ub-generic.sty"
Package: hobsub-generic 2016/05/16 v1.14 Bundle oberdiek, subset generic (HO)
Package: hobsub 2016/05/16 v1.14 Construct package bundles (HO)
Package hobsub Info: Skipping package `infwarerr' (already loaded).
Package hobsub Info: Skipping package `ltxcmds' (already loaded).
Package: ifluatex 2016/05/16 v1.4 Provides the ifluatex switch (HO)
Package ifluatex Info: LuaTeX not detected.
Package: ifvtex 2016/05/16 v1.6 Detect VTeX and its facilities (HO)
Package ifvtex Info: VTeX not detected.
Package: intcalc 2016/05/16 v1.2 Expandable calculations with integers (HO)
Package: ifpdf 2017/03/15 v3.2 Provides the ifpdf switch
Package: etexcmds 2016/05/16 v1.6 Avoid name clashes with e-TeX commands (HO)
Package etexcmds Info: Could not find \expanded.
(etexcmds)             That can mean that you are not using pdfTeX 1.50 or
(etexcmds)             that some package has redefined \expanded.
(etexcmds)             In the latter case, load this package earlier.
Package: kvsetkeys 2016/05/16 v1.17 Key value parser (HO)
Package: kvdefinekeys 2016/05/16 v1.4 Define keys (HO)
Package: pdftexcmds 2017/03/19 v0.25 Utility functions of pdfTeX for LuaTeX (HO
)
Package pdftexcmds Info: LuaTeX not detected.
Package pdftexcmds Info: \pdf@primitive is available.
Package pdftexcmds Info: \pdf@ifprimitive is available.
Package pdftexcmds Info: \pdfdraftmode found.
Package: pdfescape 2016/05/16 v1.14 Implements pdfTeX's escape features (HO)
Package: bigintcalc 2016/05/16 v1.4 Expandable calculations on big integers (HO
)
Package: bitset 2016/05/16 v1.2 Handle bit-vector datatype (HO)
Package: uniquecounter 2016/05/16 v1.3 Provide unlimited unique counter (HO)
)
Package hobsub Info: Skipping package `hobsub' (already loaded).
Package: letltxmacro 2016/05/16 v1.5 Let assignment for LaTeX macros (HO)
Package: hopatch 2016/05/16 v1.3 Wrapper for package hooks (HO)
Package: xcolor-patch 2016/05/16 xcolor patch
Package: atveryend 2016/05/16 v1.9 Hooks at the very end of document (HO)
Package atveryend Info: \enddocument detected (standard20110627).
Package: atbegshi 2016/06/09 v1.18 At begin shipout hook (HO)
Package: refcount 2016/05/16 v3.5 Data extraction from label references (HO)
Package: hycolor 2016/05/16 v1.8 Color options for hyperref/bookmark (HO)
)
("C:\Users\greenweb\AppData\Local\Programs\MiKTeX 2.9\tex\generic\ifxetex\ifxet
ex.sty"
Package: ifxetex 2010/09/12 v0.6 Provides ifxetex conditional
)
("C:\Users\greenweb\AppData\Local\Programs\MiKTeX 2.9\tex\latex\oberdiek\auxhoo
k.sty"
Package: auxhook 2016/05/16 v1.4 Hooks for auxiliary files (HO)
)
("C:\Users\greenweb\AppData\Local\Programs\MiKTeX 2.9\tex\latex\oberdiek\kvopti
ons.sty"
Package: kvoptions 2016/05/16 v3.12 Key value format for package options (HO)
)
\@linkdim=\dimen117
\Hy@linkcounter=\count106
\Hy@pagecounter=\count107

("C:\Users\greenweb\AppData\Local\Programs\MiKTeX 2.9\tex\latex\hyperref\pd1enc
.def"
File: pd1enc.def 2017/03/14 v6.85a Hyperref: PDFDocEncoding definition (HO)
)
\Hy@SavedSpaceFactor=\count108

("C:\Users\greenweb\AppData\Local\Programs\MiKTeX 2.9\tex\latex\00miktex\hyperr
ef.cfg"
File: hyperref.cfg 2002/06/06 v1.2 hyperref configuration of TeXLive
)
Package hyperref Info: Hyper figures OFF on input line 4498.
Package hyperref Info: Link nesting OFF on input line 4503.
Package hyperref Info: Hyper index ON on input line 4506.
Package hyperref Info: Plain pages OFF on input line 4513.
Package hyperref Info: Backreferencing OFF on input line 4518.
Package hyperref Info: Implicit mode ON; LaTeX internals redefined.
Package hyperref Info: Bookmarks ON on input line 4751.
\c@Hy@tempcnt=\count109

("C:\Users\greenweb\AppData\Local\Programs\MiKTeX 2.9\tex\latex\url\url.sty"
\Urlmuskip=\muskip10
Package: url 2013/09/16  ver 3.4  Verb mode for urls, etc.
)
LaTeX Info: Redefining \url on input line 5104.
\XeTeXLinkMargin=\dimen118
\Fld@menulength=\count110
\Field@Width=\dimen119
\Fld@charsize=\dimen120
Package hyperref Info: Hyper figures OFF on input line 6358.
Package hyperref Info: Link nesting OFF on input line 6363.
Package hyperref Info: Hyper index ON on input line 6366.
Package hyperref Info: backreferencing OFF on input line 6373.
Package hyperref Info: Link coloring OFF on input line 6378.
Package hyperref Info: Link coloring with OCG OFF on input line 6383.
Package hyperref Info: PDF/A mode OFF on input line 6388.
LaTeX Info: Redefining \ref on input line 6428.
LaTeX Info: Redefining \pageref on input line 6432.
\Hy@abspage=\count111
\c@Item=\count112
\c@Hfootnote=\count113
)

Package hyperref Message: Driver (autodetected): hpdftex.


("C:\Users\greenweb\AppData\Local\Programs\MiKTeX 2.9\tex\latex\hyperref\hpdfte
x.def"
File: hpdftex.def 2017/03/14 v6.85a Hyperref driver for pdfTeX
\Fld@listcount=\count114
\c@bookmark@seq@number=\count115

("C:\Users\greenweb\AppData\Local\Programs\MiKTeX 2.9\tex\latex\oberdiek\rerunf
ilecheck.sty"
Package: rerunfilecheck 2016/05/16 v1.8 Rerun checks for auxiliary files (HO)
Package uniquecounter Info: New unique counter `rerunfilecheck' on input line 2
82.
)
\Hy@SectionHShift=\skip43
)
("C:\Users\greenweb\AppData\Local\Programs\MiKTeX 2.9\tex\latex\natbib\natbib.s
ty"
Package: natbib 2010/09/13 8.31b (PWD, AO)
\bibhang=\skip44
\bibsep=\skip45
LaTeX Info: Redefining \cite on input line 694.
\c@NAT@ctr=\count116
)
Package hyperref Info: Option `colorlinks' set `true' on input line 25.
 (boehmke-ijdsa-2017.aux)
\openout1 = `boehmke-ijdsa-2017.aux'.

LaTeX Font Info:    Checking defaults for OML/cmm/m/it on input line 33.
LaTeX Font Info:    ... okay on input line 33.
LaTeX Font Info:    Checking defaults for T1/cmr/m/n on input line 33.
LaTeX Font Info:    ... okay on input line 33.
LaTeX Font Info:    Checking defaults for OT1/cmr/m/n on input line 33.
LaTeX Font Info:    ... okay on input line 33.
LaTeX Font Info:    Checking defaults for OMS/cmsy/m/n on input line 33.
LaTeX Font Info:    ... okay on input line 33.
LaTeX Font Info:    Checking defaults for OMX/cmex/m/n on input line 33.
LaTeX Font Info:    ... okay on input line 33.
LaTeX Font Info:    Checking defaults for U/cmr/m/n on input line 33.
LaTeX Font Info:    ... okay on input line 33.
LaTeX Font Info:    Checking defaults for TS1/cmr/m/n on input line 33.
LaTeX Font Info:    ... okay on input line 33.
LaTeX Font Info:    Checking defaults for PD1/pdf/m/n on input line 33.
LaTeX Font Info:    ... okay on input line 33.

("C:\Users\greenweb\AppData\Local\Programs\MiKTeX 2.9\tex\context\base\supp-pdf
.mkii"
[Loading MPS to PDF converter (version 2006.09.02).]
\scratchcounter=\count117
\scratchdimen=\dimen121
\scratchbox=\box29
\nofMPsegments=\count118
\nofMParguments=\count119
\everyMPshowfont=\toks17
\MPscratchCnt=\count120
\MPscratchDim=\dimen122
\MPnumerator=\count121
\makeMPintoPDFobject=\count122
\everyMPtoPDFconversion=\toks18
)
("C:\Users\greenweb\AppData\Local\Programs\MiKTeX 2.9\tex\latex\oberdiek\epstop
df-base.sty"
Package: epstopdf-base 2016/05/15 v2.6 Base part for package epstopdf

("C:\Users\greenweb\AppData\Local\Programs\MiKTeX 2.9\tex\latex\oberdiek\grfext
.sty"
Package: grfext 2016/05/16 v1.2 Manage graphics extensions (HO)
)
Package epstopdf-base Info: Redefining graphics rule for `.eps' on input line 4
38.
Package grfext Info: Graphics extension search list:
(grfext)             [.png,.pdf,.jpg,.mps,.jpeg,.jbig2,.jb2,.PNG,.PDF,.JPG,.JPE
G,.JBIG2,.JB2,.eps]
(grfext)             \AppendGraphicsExtensions on input line 456.
)
\AtBeginShipoutBox=\box30

("C:\Users\greenweb\AppData\Local\Programs\MiKTeX 2.9\tex\latex\graphics\color.
sty"
Package: color 2016/07/10 v1.1e Standard LaTeX Color (DPC)

("C:\Users\greenweb\AppData\Local\Programs\MiKTeX 2.9\tex\latex\graphics-cfg\co
lor.cfg"
File: color.cfg 2016/01/02 v1.6 sample color configuration
)
Package color Info: Driver file: pdftex.def on input line 147.
)
Package hyperref Info: Link coloring ON on input line 33.

("C:\Users\greenweb\AppData\Local\Programs\MiKTeX 2.9\tex\latex\hyperref\namere
f.sty"
Package: nameref 2016/05/21 v2.44 Cross-referencing by name of section

("C:\Users\greenweb\AppData\Local\Programs\MiKTeX 2.9\tex\generic\oberdiek\gett
itlestring.sty"
Package: gettitlestring 2016/05/16 v1.5 Cleanup title references (HO)
)
\c@section@level=\count123
)
LaTeX Info: Redefining \ref on input line 33.
LaTeX Info: Redefining \pageref on input line 33.
LaTeX Info: Redefining \nameref on input line 33.
 (boehmke-ijdsa-2017.out) (boehmke-ijdsa-2017.out)
\@outlinefile=\write3
\openout3 = `boehmke-ijdsa-2017.out'.

LaTeX Font Info:    External font `cmex10' loaded for size
(Font)              <7> on input line 64.
LaTeX Font Info:    External font `cmex10' loaded for size
(Font)              <5> on input line 64.
LaTeX Font Info:    Calculating math sizes for size <8.5> on input line 64.
LaTeX Font Info:    External font `cmex10' loaded for size
(Font)              <8.5> on input line 64.
LaTeX Font Info:    External font `cmex10' loaded for size
(Font)              <5.94997> on input line 64.
LaTeX Font Info:    External font `cmex10' loaded for size
(Font)              <4.25> on input line 64.

Underfull \vbox (badness 4429) has occurred while \output is active []


Overfull \hbox (5.31407pt too wide) in paragraph at lines 86--87
[]\OT1/cmr/m/n/10 How data man-age-ment is chang-ing with to-day's "big"
 []


Underfull \vbox (badness 1533) has occurred while \output is active []

 [1{C:/Users/greenweb/AppData/Local/MiKTeX/2.9/pdftex/config/pdftex.map}


]
Overfull \hbox (1.70296pt too wide) in paragraph at lines 92--93
\OT1/cmr/m/n/10 pub-lish-able (and in-deed pub-lished) but don't add
 []


Underfull \vbox (badness 10000) has occurred while \output is active []


<venn-diagram.png, id=123, 317.5062pt x 271.4943pt>
File: venn-diagram.png Graphic file (type png)
 <use venn-diagram.png>
Package pdftex.def Info: venn-diagram.png used on input line 113.
(pdftex.def)             Requested size: 247.5pt x 211.63625pt.

Overfull \hbox (8.53583pt too wide) in paragraph at lines 113--114
[][] 
 []

[2 <./venn-diagram.png>]

Package natbib Warning: Citation `h09' on page 3 undefined on input line 126.


Overfull \hbox (4.45293pt too wide) in paragraph at lines 136--137
\OT1/cmr/m/n/10 such as com-pu-ta-tional statis-tics, econo-met-rics, op-ti-miz
a-
 []


Underfull \vbox (badness 4391) has occurred while \output is active []

 [3]
Overfull \hbox (0.98071pt too wide) in paragraph at lines 140--141
[]\OT1/cmr/m/n/10 Open source pro-gram-ming lan-guages and their pack-
 []


Overfull \hbox (1.09178pt too wide) in paragraph at lines 140--141
\OT1/cmr/m/n/10 dus-tries. Thus, this col-lec-tive ac-tion ca-pa-bil-ity is pri
med
 []


Overfull \hbox (0.25844pt too wide) in paragraph at lines 148--149
\OT1/cmr/m/n/10 Business lead-ers are in-creas-ingly re-liant upon new forms
 []


Overfull \hbox (1.78633pt too wide) in paragraph at lines 152--153
\OT1/cmr/m/n/10 hansen, 1996; Dubois & Ped-er-sen, 2002; Ka-mann, 2007),
 []


Overfull \hbox (4.60567pt too wide) in paragraph at lines 152--153
\OT1/cmr/m/n/10 Gel-der-man & Van Weele, 2003). Kraljic's ap-proach lever-
 []

<kraljic-matrix.png, id=198, 338.01282pt x 228.10219pt>
File: kraljic-matrix.png Graphic file (type png)

<use kraljic-matrix.png>
Package pdftex.def Info: kraljic-matrix.png used on input line 155.
(pdftex.def)             Requested size: 247.5pt x 167.02483pt.

Overfull \hbox (8.53583pt too wide) in paragraph at lines 155--156
[][] 
 []


Overfull \hbox (9.78622pt too wide) in paragraph at lines 160--161
\OT1/cmr/m/n/10 How-ever, one of the KPM's main cri-tiques re-volves around
 []

[4 <./kraljic-matrix.png>]
Overfull \hbox (4.33965pt too wide) in paragraph at lines 172--173
\OT1/cmr/m/n/10 ([][]$\OT1/cmtt/m/n/10 https : / / github . com / afit-[]r / Kr
aljicMatrix$[][]\OT1/cmr/m/n/10 ). To in-
 []


Overfull \hbox (0.20175pt too wide) in paragraph at lines 226--227
[]\OT1/cmr/m/n/10 First, we must re-mem-ber that the KPM merely plots
 []

[5]
Overfull \hbox (2.53372pt too wide) in paragraph at lines 241--241
[]                   \OT1/cmtt/m/n/10 desired_v = c(0.8, 0.9, 1),[] 
 []

<fig3.png, id=219, 433.62pt x 216.81pt>
File: fig3.png Graphic file (type png)
 <use fig3.png>
Package pdftex.def Info: fig3.png used on input line 253.
(pdftex.def)             Requested size: 247.5pt x 123.7517pt.

Overfull \hbox (8.53583pt too wide) in paragraph at lines 253--254
[][] 
 []


Overfull \hbox (7.78368pt too wide) in paragraph at lines 266--266
[]                    \OT1/cmtt/m/n/10 desired_v = c(.75, 0.9, 1),[] 
 []

<fig4.png, id=220, 433.62pt x 216.81pt>
File: fig4.png Graphic file (type png)
 <use fig4.png>
Package pdftex.def Info: fig4.png used on input line 269.
(pdftex.def)             Requested size: 247.5pt x 123.7517pt.

Overfull \hbox (8.53583pt too wide) in paragraph at lines 269--270
[][] 
 []

[6 <./fig3.png>]
Overfull \hbox (133.78258pt too wide) in paragraph at lines 299--299
[]\OT1/cmtt/m/n/10 # using the dplyr package and the mutate function to add a n
ew variable[] 
 []


Overfull \hbox (81.28304pt too wide) in paragraph at lines 299--299
[]  \OT1/cmtt/m/n/10 mutate(x_SAVF_score = SAVF_score(x_attribute, 1, 5, 0.653)
,[] 
 []


Overfull \hbox (81.28304pt too wide) in paragraph at lines 299--299
[]         \OT1/cmtt/m/n/10 y_SAVF_score = SAVF_score(y_attribute, 1, 10, 0.70)
)[] 
 []


Overfull \hbox (81.28304pt too wide) in paragraph at lines 299--299
[]\OT1/cmtt/m/n/10 ##      PSC x_attribute y_attribute x_SAVF_score y_SAVF_scor
e[] 
 []


Overfull \hbox (81.28304pt too wide) in paragraph at lines 299--299
[]\OT1/cmtt/m/n/10 ##    <chr>       <dbl>       <dbl>        <dbl>        <dbl
>[] 
 []


Overfull \hbox (81.28304pt too wide) in paragraph at lines 299--299
[]\OT1/cmtt/m/n/10 ## 1   D233        3.01        4.84    0.7887459    0.933697
7[] 
 []


Overfull \hbox (81.28304pt too wide) in paragraph at lines 299--299
[]\OT1/cmtt/m/n/10 ## 2   F352        4.34        5.64    0.9573299    0.962916
4[] 
 []


Overfull \hbox (81.28304pt too wide) in paragraph at lines 299--299
[]\OT1/cmtt/m/n/10 ## 3   T713        3.37        4.30    0.8495938    0.902395
8[] 
 []


Overfull \hbox (81.28304pt too wide) in paragraph at lines 299--299
[]\OT1/cmtt/m/n/10 ## 4   K833        2.67        5.53    0.7165401    0.959800
9[] 
 []


Overfull \hbox (81.28304pt too wide) in paragraph at lines 299--299
[]\OT1/cmtt/m/n/10 ## 5   Q121        3.48        4.33    0.8655080    0.904462
4[] 
 []


Overfull \hbox (81.28304pt too wide) in paragraph at lines 299--299
[]\OT1/cmtt/m/n/10 ## 6   C791        3.32        7.32    0.8419735    0.989831
4[] 
 []


Overfull \hbox (81.28304pt too wide) in paragraph at lines 299--299
[]\OT1/cmtt/m/n/10 ## 7   Y207        3.48        5.42    0.8655080    0.956436
0[] 
 []


Overfull \hbox (81.28304pt too wide) in paragraph at lines 299--299
[]\OT1/cmtt/m/n/10 ## 8   W439        2.47        3.35    0.6659448    0.808472
0[] 
 []


Overfull \hbox (81.28304pt too wide) in paragraph at lines 299--299
[]\OT1/cmtt/m/n/10 ## 9   N290        1.66        4.02    0.3778582    0.880863
6[] 
 []


Overfull \hbox (81.28304pt too wide) in paragraph at lines 299--299
[]\OT1/cmtt/m/n/10 ## 10  C251        1.00        7.47    0.0000000    0.991028
4[] 
 []


Overfull \hbox (1.59065pt too wide) in paragraph at lines 301--302
\OT1/cmr/m/n/10 struc-ture, we can pro-ceed with plot-ting each PSC within
 []


Overfull \hbox (7.78368pt too wide) in paragraph at lines 304--304
[]\OT1/cmtt/m/n/10 kraljic_matrix(psc, x_SAVF_score, y_SAVF_score)[] 
 []

<fig5.png, id=229, 505.89pt x 361.35pt>
File: fig5.png Graphic file (type png)
 <use fig5.png>
Package pdftex.def Info: fig5.png used on input line 307.
(pdftex.def)             Requested size: 247.5pt x 176.78735pt.

Overfull \hbox (8.53583pt too wide) in paragraph at lines 307--308
[][] 
 []


Overfull \hbox (102.28285pt too wide) in paragraph at lines 330--330
[]  \OT1/cmtt/m/n/10 mutate(quadrant = kraljic_quadrant(x_SAVF_score, y_SAVF_sc
ore))[] 
 []


Overfull \hbox (133.78258pt too wide) in paragraph at lines 330--330
[]\OT1/cmtt/m/n/10 ##      PSC x_attribute y_attribute x_SAVF_score y_SAVF_scor
e  quadrant[] 
 []


Overfull \hbox (133.78258pt too wide) in paragraph at lines 330--330
[]\OT1/cmtt/m/n/10 ##    <chr>       <dbl>       <dbl>        <dbl>        <dbl
>     <chr>[] 
 []


Overfull \hbox (133.78258pt too wide) in paragraph at lines 330--330
[]\OT1/cmtt/m/n/10 ## 1   D233        3.01        4.84    0.7887459    0.933697
7  Leverage[] 
 []


Overfull \hbox (133.78258pt too wide) in paragraph at lines 330--330
[]\OT1/cmtt/m/n/10 ## 2   F352        4.34        5.64    0.9573299    0.962916
4  Leverage[] 
 []


Overfull \hbox (133.78258pt too wide) in paragraph at lines 330--330
[]\OT1/cmtt/m/n/10 ## 3   T713        3.37        4.30    0.8495938    0.902395
8  Leverage[] 
 []


Overfull \hbox (133.78258pt too wide) in paragraph at lines 330--330
[]\OT1/cmtt/m/n/10 ## 4   K833        2.67        5.53    0.7165401    0.959800
9  Leverage[] 
 []


Overfull \hbox (133.78258pt too wide) in paragraph at lines 330--330
[]\OT1/cmtt/m/n/10 ## 5   Q121        3.48        4.33    0.8655080    0.904462
4  Leverage[] 
 []


Overfull \hbox (133.78258pt too wide) in paragraph at lines 330--330
[]\OT1/cmtt/m/n/10 ## 6   C791        3.32        7.32    0.8419735    0.989831
4  Leverage[] 
 []


Overfull \hbox (133.78258pt too wide) in paragraph at lines 330--330
[]\OT1/cmtt/m/n/10 ## 7   Y207        3.48        5.42    0.8655080    0.956436
0  Leverage[] 
 []


Overfull \hbox (133.78258pt too wide) in paragraph at lines 330--330
[]\OT1/cmtt/m/n/10 ## 8   W439        2.47        3.35    0.6659448    0.808472
0  Leverage[] 
 []


Overfull \hbox (133.78258pt too wide) in paragraph at lines 330--330
[]\OT1/cmtt/m/n/10 ## 9   N290        1.66        4.02    0.3778582    0.880863
6 Strategic[] 
 []


Overfull \hbox (133.78258pt too wide) in paragraph at lines 330--330
[]\OT1/cmtt/m/n/10 ## 10  C251        1.00        7.47    0.0000000    0.991028
4 Strategic[] 
 []

[7 <./fig4.png> <./fig5.png>]
Overfull \hbox (112.78276pt too wide) in paragraph at lines 356--356
[]  \OT1/cmtt/m/n/10 mutate(MAVF = MAVF_score(x_SAVF_score, y_SAVF_score, 0.65,
 0.35))[] 
 []


Overfull \hbox (133.78258pt too wide) in paragraph at lines 356--356
[]\OT1/cmtt/m/n/10 ##      PSC x_attribute y_attribute x_SAVF_score y_SAVF_scor
e      MAVF[] 
 []


Overfull \hbox (133.78258pt too wide) in paragraph at lines 356--356
[]\OT1/cmtt/m/n/10 ##    <chr>       <dbl>       <dbl>        <dbl>        <dbl
>     <dbl>[] 
 []


Overfull \hbox (133.78258pt too wide) in paragraph at lines 356--356
[]\OT1/cmtt/m/n/10 ## 1   D233        3.01        4.84    0.7887459    0.933697
7 0.8394790[] 
 []


Overfull \hbox (133.78258pt too wide) in paragraph at lines 356--356
[]\OT1/cmtt/m/n/10 ## 2   F352        4.34        5.64    0.9573299    0.962916
4 0.9592852[] 
 []


Overfull \hbox (133.78258pt too wide) in paragraph at lines 356--356
[]\OT1/cmtt/m/n/10 ## 3   T713        3.37        4.30    0.8495938    0.902395
8 0.8680745[] 
 []


Overfull \hbox (133.78258pt too wide) in paragraph at lines 356--356
[]\OT1/cmtt/m/n/10 ## 4   K833        2.67        5.53    0.7165401    0.959800
9 0.8016814[] 
 []


Overfull \hbox (133.78258pt too wide) in paragraph at lines 356--356
[]\OT1/cmtt/m/n/10 ## 5   Q121        3.48        4.33    0.8655080    0.904462
4 0.8791420[] 
 []


Overfull \hbox (133.78258pt too wide) in paragraph at lines 356--356
[]\OT1/cmtt/m/n/10 ## 6   C791        3.32        7.32    0.8419735    0.989831
4 0.8937237[] 
 []


Overfull \hbox (133.78258pt too wide) in paragraph at lines 356--356
[]\OT1/cmtt/m/n/10 ## 7   Y207        3.48        5.42    0.8655080    0.956436
0 0.8973328[] 
 []


Overfull \hbox (133.78258pt too wide) in paragraph at lines 356--356
[]\OT1/cmtt/m/n/10 ## 8   W439        2.47        3.35    0.6659448    0.808472
0 0.7158293[] 
 []


Overfull \hbox (133.78258pt too wide) in paragraph at lines 356--356
[]\OT1/cmtt/m/n/10 ## 9   N290        1.66        4.02    0.3778582    0.880863
6 0.5539101[] 
 []


Overfull \hbox (133.78258pt too wide) in paragraph at lines 356--356
[]\OT1/cmtt/m/n/10 ## 10  C251        1.00        7.47    0.0000000    0.991028
4 0.3468599[] 
 []


Overfull \hbox (112.78276pt too wide) in paragraph at lines 379--379
[]  \OT1/cmtt/m/n/10 mutate(MAVF = MAVF_score(x_SAVF_score, y_SAVF_score, 0.65,
 0.35),[] 
 []


Overfull \hbox (123.28267pt too wide) in paragraph at lines 379--379
[]         \OT1/cmtt/m/n/10 quadrant = kraljic_quadrant(x_SAVF_score, y_SAVF_sc
ore)) %>%[] 
 []


Overfull \hbox (133.78258pt too wide) in paragraph at lines 379--379
[]\OT1/cmtt/m/n/10 ##      PSC x_attribute y_attribute x_SAVF_score y_SAVF_scor
e      MAVF[] 
 []


Overfull \hbox (133.78258pt too wide) in paragraph at lines 379--379
[]\OT1/cmtt/m/n/10 ##    <chr>       <dbl>       <dbl>        <dbl>        <dbl
>     <dbl>[] 
 []


Overfull \hbox (133.78258pt too wide) in paragraph at lines 379--379
[]\OT1/cmtt/m/n/10 ## 1   Y357        5.00        6.55    1.0000000    0.981254
1 0.9934389[] 
 []


Overfull \hbox (133.78258pt too wide) in paragraph at lines 379--379
[]\OT1/cmtt/m/n/10 ## 2   E103        4.46        7.71    0.9665150    0.992700
3 0.9756799[] 
 []


Overfull \hbox (133.78258pt too wide) in paragraph at lines 379--379
[]\OT1/cmtt/m/n/10 ## 3   C432        4.65        6.05    0.9796633    0.972627
3 0.9772007[] 
 []


Overfull \hbox (133.78258pt too wide) in paragraph at lines 379--379
[]\OT1/cmtt/m/n/10 ## 4   P402        5.00        5.82    1.0000000    0.967524
3 0.9886335[] 
 []


Overfull \hbox (133.78258pt too wide) in paragraph at lines 379--379
[]\OT1/cmtt/m/n/10 ## 5   Q255        4.95        6.41    0.9973714    0.979134
5 0.9909885[] 
 []


Overfull \hbox (133.78258pt too wide) in paragraph at lines 379--379
[]\OT1/cmtt/m/n/10 ## 6   H426        5.00        5.58    1.0000000    0.961246
8 0.9864364[] 
 []


Overfull \hbox (133.78258pt too wide) in paragraph at lines 379--379
[]\OT1/cmtt/m/n/10 ## 7   E908        4.75        7.11    0.9859554    0.987929
9 0.9866465[] 
 []


Overfull \hbox (133.78258pt too wide) in paragraph at lines 379--379
[]\OT1/cmtt/m/n/10 ## 8   X634        5.00        5.19    1.0000000    0.948504
7 0.9819766[] 
 []


Overfull \hbox (133.78258pt too wide) in paragraph at lines 379--379
[]\OT1/cmtt/m/n/10 ## 9   O288        5.00        5.00    1.0000000    0.940917
7 0.9793212[] 
 []


Overfull \hbox (133.78258pt too wide) in paragraph at lines 379--379
[]\OT1/cmtt/m/n/10 ## 10  V870        5.00        5.88    1.0000000    0.968935
7 0.9891275[] 
 []


Overfull \hbox (2.53372pt too wide) in paragraph at lines 379--379
[]\OT1/cmtt/m/n/10 ## # ... with 1 more variables: quadrant <chr>[] 
 []

[8]
Overfull \hbox (144.28249pt too wide) in paragraph at lines 405--405
[]\OT1/cmtt/m/n/10 ##      PSC MAVF_Min MAVF_1st_Q MAVF_Median MAVF_Mean MAVF_3
rd_Q MAVF_Max[] 
 []


Overfull \hbox (144.28249pt too wide) in paragraph at lines 405--405
[]\OT1/cmtt/m/n/10 ##    <chr>    <dbl>      <dbl>       <dbl>     <dbl>      <
dbl>    <dbl>[] 
 []


Overfull \hbox (144.28249pt too wide) in paragraph at lines 405--405
[]\OT1/cmtt/m/n/10 ## 1   D233   0.8148     0.8294      0.8390    0.8392     0.
8489   0.8636[] 
 []


Overfull \hbox (144.28249pt too wide) in paragraph at lines 405--405
[]\OT1/cmtt/m/n/10 ## 2   F352   0.9517     0.9569      0.9590    0.9592     0.
9614   0.9667[] 
 []


Overfull \hbox (144.28249pt too wide) in paragraph at lines 405--405
[]\OT1/cmtt/m/n/10 ## 3   T713   0.8465     0.8609      0.8676    0.8678     0.
8744   0.8891[] 
 []


Overfull \hbox (144.28249pt too wide) in paragraph at lines 405--405
[]\OT1/cmtt/m/n/10 ## 4   K833   0.7718     0.7881      0.8003    0.8013     0.
8151   0.8311[] 
 []


Overfull \hbox (144.28249pt too wide) in paragraph at lines 405--405
[]\OT1/cmtt/m/n/10 ## 5   Q121   0.8590     0.8726      0.8786    0.8789     0.
8850   0.8988[] 
 []


Overfull \hbox (144.28249pt too wide) in paragraph at lines 405--405
[]\OT1/cmtt/m/n/10 ## 6   C791   0.8774     0.8859      0.8928    0.8935     0.
9016   0.9099[] 
 []


Overfull \hbox (144.28249pt too wide) in paragraph at lines 405--405
[]\OT1/cmtt/m/n/10 ## 7   Y207   0.8809     0.8907      0.8970    0.8971     0.
9035   0.9134[] 
 []


Overfull \hbox (144.28249pt too wide) in paragraph at lines 405--405
[]\OT1/cmtt/m/n/10 ## 8   W439   0.6765     0.7017      0.7151    0.7153     0.
7285   0.7542[] 
 []


Overfull \hbox (144.28249pt too wide) in paragraph at lines 405--405
[]\OT1/cmtt/m/n/10 ## 9   N290   0.4951     0.5264      0.5510    0.5532     0.
5813   0.6120[] 
 []


Overfull \hbox (144.28249pt too wide) in paragraph at lines 405--405
[]\OT1/cmtt/m/n/10 ## 10  C251   0.2480     0.2979      0.3414    0.3456     0.
3958   0.4458[] 
 []


Overfull \hbox (112.78276pt too wide) in paragraph at lines 405--405
[]\OT1/cmtt/m/n/10 ## # ... with 190 more rows, and 1 more variables: MAVF_Rang
e <dbl>[] 
 []


Overfull \hbox (0.31409pt too wide) in paragraph at lines 431--432
\OT1/cmr/m/n/10 sub-set ac-counted for 80% of FY10-14 in-stal-la-tion spend.
 []


Overfull \hbox (3.06401pt too wide) in paragraph at lines 433--434
\OT1/cmr/m/n/10 search or-ga-ni-za-tion whose re-ports delve into sup-ply mar-
 []


Overfull \hbox (9.59186pt too wide) in paragraph at lines 433--434
\OT1/cmr/m/n/10 con-cen-tra-tion, and prod-uct spe-cial-iza-tion. Switch-ing co
sts
 []


Overfull \hbox (12.7029pt too wide) in paragraph at lines 435--436
\OT1/cmr/m/n/10 those PSCs that ex-pe-ri-enced the largest post-sequestration
 []


Overfull \hbox (0.28622pt too wide) in paragraph at lines 435--436
\OT1/cmr/m/n/10 riod, com-pute the de-vi-a-tion be-tween the two, and scaled
 []


Overfull \hbox (26.6829pt too wide) in paragraph at lines 437--438
\OML/cmm/m/it/10 v[] [] \OT1/cmr/m/n/10 = []$ and $\OML/cmm/m/it/10 v[] [] \OT1
/cmr/m/n/10 =
 []


Overfull \hbox (3.73068pt too wide) in paragraph at lines 437--438
[]$\OT1/cmr/m/n/10 . There-fore, us-ing this in-for-ma-tion we could
 []

<fig6.png, id=244, 1942.25626pt x 1121.69063pt>
File: fig6.png Graphic file (type png)
 <use fig6.png>
Package pdftex.def Info: fig6.png used on input line 440.
(pdftex.def)             Requested size: 247.5pt x 142.93236pt.

Overfull \hbox (8.53583pt too wide) in paragraph at lines 440--441
[][] 
 []

<fig7.png, id=245, 1168.365pt x 770.88pt>
File: fig7.png Graphic file (type png)
 <use fig7.png>
Package pdftex.def Info: fig7.png used on input line 448.
(pdftex.def)             Requested size: 247.5pt x 163.28934pt.

Overfull \hbox (8.53583pt too wide) in paragraph at lines 448--449
[][] 
 []


Overfull \hbox (17.8696pt too wide) in paragraph at lines 453--454
\OT1/cmr/m/n/10 they termed Key Per-for-mance In-di-ca-tors, or KPIs. AFICA's
 []

[9]
Overfull \hbox (139.68712pt too wide) in paragraph at lines 464--480
[][] 
 []


Overfull \hbox (3.31403pt too wide) in paragraph at lines 484--485
\OT1/cmr/m/n/10 by mis-sion im-pact but also by bud-get con-straints. There-
 []

<fig8.png, id=253, 1365.60187pt x 591.71063pt>
File: fig8.png Graphic file (type png)
 <use fig8.png>
Package pdftex.def Info: fig8.png used on input line 487.
(pdftex.def)             Requested size: 247.5pt x 107.23463pt.

Overfull \hbox (8.53583pt too wide) in paragraph at lines 487--488
[][] 
 []


Overfull \hbox (2.86966pt too wide) in paragraph at lines 492--493
\OT1/cmr/m/n/10 dominated PSCs that form the ap-prox-i-mate Pareto fron-
 []


Overfull \hbox (5.20287pt too wide) in paragraph at lines 492--493
\OT1/cmr/m/n/10 Force lead-er-ship to fur-ther in-ves-ti-gate for strate-gic so
urc-
 []


Overfull \hbox (0.70071pt too wide) in paragraph at lines 528--529
\OT1/cmr/m/n/10 pre-vi-ous AFICA ap-proaches. AFICA also ac-knowl-edged
 []


Underfull \vbox (badness 6741) has occurred while \output is active []

 [10 <./fig6.png

pdfTeX warning: pdflatex.exe (file ./fig6.png): large interlaced PNG might caus
e out of memory (use non-interlaced PNG to fix this)
> <./fig7.png>]
Overfull \hbox (9.11958pt too wide) in paragraph at lines 535--536
\OT1/cmr/m/n/10 This re-search pro-vides two im-por-tant con-tri-bu-tions. Firs
t,
 []


Overfull \hbox (3.36967pt too wide) in paragraph at lines 537--538
\OT1/cmr/m/n/10 trix (Padhi et al., 2012; Wag-ner & John-son, 2004; Knight
 []

(boehmke-ijdsa-2017.bbl [11 <./fig8.png>]
Underfull \hbox (badness 1173) in paragraph at lines 40--43
\OT1/cmr/m/n/10 ing for suc-cess-ful ca-reer in big data and busi-
 []


Underfull \hbox (badness 1102) in paragraph at lines 53--55
\OT1/cmr/m/n/10 demic pro-grams in busi-ness an-a-lyt-ics. In-ter-faces
 []


Underfull \hbox (badness 1571) in paragraph at lines 84--86
[]\OT1/cmr/m/n/10 McAfee A, Bryn-jolf-s-son E (2012) Big data: The
 []


Underfull \hbox (badness 1348) in paragraph at lines 93--95
[]\OT1/cmr/m/n/10 O'Mahony S (2003) Guard-ing the com-mons: how
 []


Underfull \vbox (badness 10000) has occurred while \output is active []

)

Package natbib Warning: There were undefined citations.

Package atveryend Info: Empty hook `BeforeClearDocument' on input line 556.
[12]
Package atveryend Info: Empty hook `AfterLastShipout' on input line 556.
 (boehmke-ijdsa-2017.aux)
Package atveryend Info: Executing hook `AtVeryEndDocument' on input line 556.
Package atveryend Info: Executing hook `AtEndAfterFileList' on input line 556.
Package rerunfilecheck Info: File `boehmke-ijdsa-2017.out' has not changed.
(rerunfilecheck)             Checksum: 17E7F72829E4F005CED92641E7619C22;460.
Package atveryend Info: Empty hook `AtVeryVeryEnd' on input line 556.
 ) 
Here is how much of TeX's memory you used:
 6346 strings out of 493323
 95482 string characters out of 3128713
 191942 words of memory out of 3000000
 9762 multiletter control sequences out of 15000+200000
 10515 words of font info for 37 fonts, out of 3000000 for 9000
 1141 hyphenation exceptions out of 8191
 28i,12n,33p,2750b,428s stack positions out of 5000i,500n,10000p,200000b,50000s
<C:/Users/greenweb/AppData/Local/Programs/MiKTeX 2.9/fonts/type1/public/amsfo
nts/cm/cmbsy10.pfb><C:/Users/greenweb/AppData/Local/Programs/MiKTeX 2.9/fonts/t
ype1/public/amsfonts/cm/cmbx10.pfb><C:/Users/greenweb/AppData/Local/Programs/Mi
KTeX 2.9/fonts/type1/public/amsfonts/cm/cmbx12.pfb><C:/Users/greenweb/AppData/L
ocal/Programs/MiKTeX 2.9/fonts/type1/public/amsfonts/cm/cmbx8.pfb><C:/Users/gre
enweb/AppData/Local/Programs/MiKTeX 2.9/fonts/type1/public/amsfonts/cm/cmex10.p
fb><C:/Users/greenweb/AppData/Local/Programs/MiKTeX 2.9/fonts/type1/public/amsf
onts/cm/cmmi10.pfb><C:/Users/greenweb/AppData/Local/Programs/MiKTeX 2.9/fonts/t
ype1/public/amsfonts/cm/cmmi7.pfb><C:/Users/greenweb/AppData/Local/Programs/MiK
TeX 2.9/fonts/type1/public/amsfonts/cm/cmmi8.pfb><C:/Users/greenweb/AppData/Loc
al/Programs/MiKTeX 2.9/fonts/type1/public/amsfonts/cm/cmr10.pfb><C:/Users/green
web/AppData/Local/Programs/MiKTeX 2.9/fonts/type1/public/amsfonts/cm/cmr7.pfb><
C:/Users/greenweb/AppData/Local/Programs/MiKTeX 2.9/fonts/type1/public/amsfonts
/cm/cmr8.pfb><C:/Users/greenweb/AppData/Local/Programs/MiKTeX 2.9/fonts/type1/p
ublic/amsfonts/cm/cmsy10.pfb><C:/Users/greenweb/AppData/Local/Programs/MiKTeX 2
.9/fonts/type1/public/amsfonts/cm/cmsy7.pfb><C:/Users/greenweb/AppData/Local/Pr
ograms/MiKTeX 2.9/fonts/type1/public/amsfonts/cm/cmti10.pfb><C:/Users/greenweb/
AppData/Local/Programs/MiKTeX 2.9/fonts/type1/public/amsfonts/cm/cmtt10.pfb>
Output written on boehmke-ijdsa-2017.pdf (12 pages, 703390 bytes).
PDF statistics:
 342 PDF objects out of 1000 (max. 8388607)
 75 named destinations out of 1000 (max. 500000)
 89 words of extra memory for PDF output out of 10000 (max. 10000000)

